<?xml version="1.0" encoding="UTF-8"?>
<!-- Generated by org.testng.reporters.JUnitReportReporter -->
<testsuite hostname="hessam" failures="0" tests="1" name="TestPackage.TestClass" time="1.296" errors="0" timestamp="2022-08-29T15:23:39 EET" skipped="0">
  <testcase classname="TestPackage.TestClass" name="TestCase1" time="1.296"/>
  <system-out/>
</testsuite> <!-- TestPackage.TestClass -->
