<?xml version="1.0" encoding="UTF-8"?>
<!-- Generated by org.testng.reporters.JUnitReportReporter -->
<testsuite hostname="hessam" failures="0" tests="1" name="test_Package.TestClass" time="14.295" errors="0" timestamp="2022-08-31T00:45:23 EET" skipped="0">
  <testcase classname="test_Package.TestClass" name="TestCase3" time="14.295"/>
  <system-out/>
</testsuite> <!-- test_Package.TestClass -->
