<?xml version="1.0" encoding="UTF-8"?>
<!-- Generated by org.testng.reporters.JUnitReportReporter -->
<testsuite hostname="hessam" failures="0" tests="1" name="Tests.CareersTest" time="15.989" errors="0" timestamp="2022-08-28T21:20:19 EET" skipped="0">
  <testcase classname="Tests.CareersTest" name="careersPageTest" time="15.989"/>
  <system-out/>
</testsuite> <!-- Tests.CareersTest -->
