<?xml version="1.0" encoding="UTF-8"?>
<!-- Generated by org.testng.reporters.JUnitReportReporter -->
<testsuite hostname="hessam" failures="0" tests="1" name="Tests.CompanyTest" time="3.836" errors="0" timestamp="2022-08-28T14:30:47 EET" skipped="0">
  <testcase classname="Tests.CompanyTest" name="companyTest" time="3.836"/>
  <system-out/>
</testsuite> <!-- Tests.CompanyTest -->
