<?xml version="1.0" encoding="UTF-8"?>
<!-- Generated by org.testng.reporters.JUnitReportReporter -->
<testsuite hostname="hessam" failures="0" tests="1" name="Tests.Contact_usTest" time="1.979" errors="0" timestamp="2022-08-27T03:52:32 EET" skipped="0">
  <testcase classname="Tests.Contact_usTest" name="contact_us_test" time="1.979"/>
  <system-out/>
</testsuite> <!-- Tests.Contact_usTest -->
